\BOOKMARK [1][-]{section.1}{\376\377\000I\000n\000t\000r\000o\000d\000u\000c\000t\000i\000o\000n}{}% 1
\BOOKMARK [2][-]{subsection.1.1}{\376\377\000T\000h\000e\000\040\000L\000i\000m\000i\000t\000a\000t\000i\000o\000n\000\040\000o\000f\000\040\000G\000l\000o\000b\000a\000l\000\040\000S\000u\000m\000m\000a\000r\000i\000e\000s}{section.1}% 2
\BOOKMARK [2][-]{subsection.1.2}{\376\377\000M\000a\000p\000p\000e\000r\000\040\000a\000s\000\040\000I\000n\000t\000e\000r\000i\000o\000r\000\040\000E\000x\000p\000l\000o\000r\000e\000r}{section.1}% 3
\BOOKMARK [2][-]{subsection.1.3}{\376\377\000C\000o\000n\000t\000r\000i\000b\000u\000t\000i\000o\000n}{section.1}% 4
\BOOKMARK [1][-]{section.2}{\376\377\000L\000i\000t\000e\000r\000a\000t\000u\000r\000e\000\040\000R\000e\000v\000i\000e\000w}{}% 5
\BOOKMARK [2][-]{subsection.2.1}{\376\377\000M\000a\000p\000p\000e\000r\000:\000\040\000T\000h\000e\000o\000r\000y\000\040\000a\000n\000d\000\040\000A\000p\000p\000l\000i\000c\000a\000t\000i\000o\000n\000s}{section.2}% 6
\BOOKMARK [2][-]{subsection.2.2}{\376\377\000M\000a\000p\000p\000e\000r\000\040\000a\000n\000d\000\040\000P\000e\000r\000s\000i\000s\000t\000e\000n\000t\000\040\000H\000o\000m\000o\000l\000o\000g\000y\000:\000\040\000C\000o\000m\000p\000l\000e\000m\000e\000n\000t\000a\000r\000y\000\040\000V\000i\000e\000w\000s}{section.2}% 7
\BOOKMARK [2][-]{subsection.2.3}{\376\377\000W\000i\000t\000h\000i\000n\000-\000R\000e\000g\000i\000m\000e\000\040\000H\000e\000t\000e\000r\000o\000g\000e\000n\000e\000i\000t\000y\000\040\000i\000n\000\040\000L\000i\000f\000e\000-\000C\000o\000u\000r\000s\000e\000\040\000R\000e\000s\000e\000a\000r\000c\000h}{section.2}% 8
\BOOKMARK [2][-]{subsection.2.4}{\376\377\000C\000o\000m\000p\000a\000r\000i\000s\000o\000n\000\040\000w\000i\000t\000h\000\040\000O\000p\000t\000i\000m\000a\000l\000\040\000M\000a\000t\000c\000h\000i\000n\000g}{section.2}% 9
\BOOKMARK [1][-]{section.3}{\376\377\000D\000a\000t\000a\000\040\000a\000n\000d\000\040\000M\000e\000t\000h\000o\000d\000s}{}% 10
\BOOKMARK [2][-]{subsection.3.1}{\376\377\000D\000a\000t\000a\000\040\000S\000o\000u\000r\000c\000e\000\040\000a\000n\000d\000\040\000T\000r\000a\000j\000e\000c\000t\000o\000r\000y\000\040\000C\000o\000n\000s\000t\000r\000u\000c\000t\000i\000o\000n}{section.3}% 11
\BOOKMARK [2][-]{subsection.3.2}{\376\377\000E\000m\000b\000e\000d\000d\000i\000n\000g}{section.3}% 12
\BOOKMARK [2][-]{subsection.3.3}{\376\377\000M\000a\000p\000p\000e\000r\000\040\000C\000o\000n\000s\000t\000r\000u\000c\000t\000i\000o\000n}{section.3}% 13
\BOOKMARK [2][-]{subsection.3.4}{\376\377\000N\000o\000d\000e\000\040\000C\000o\000l\000o\000u\000r\000i\000n\000g\000\040\000a\000n\000d\000\040\000O\000u\000t\000c\000o\000m\000e\000\040\000V\000a\000r\000i\000a\000b\000l\000e\000s}{section.3}% 14
\BOOKMARK [2][-]{subsection.3.5}{\376\377\000S\000e\000n\000s\000i\000t\000i\000v\000i\000t\000y\000\040\000A\000n\000a\000l\000y\000s\000i\000s\000\040\000D\000e\000s\000i\000g\000n}{section.3}% 15
\BOOKMARK [2][-]{subsection.3.6}{\376\377\000V\000a\000l\000i\000d\000a\000t\000i\000o\000n\000\040\000A\000g\000a\000i\000n\000s\000t\000\040\000G\000M\000M\000\040\000R\000e\000g\000i\000m\000e\000s}{section.3}% 16
\BOOKMARK [2][-]{subsection.3.7}{\376\377\000W\000i\000t\000h\000i\000n\000-\000R\000e\000g\000i\000m\000e\000\040\000H\000e\000t\000e\000r\000o\000g\000e\000n\000e\000i\000t\000y\000\040\000D\000e\000t\000e\000c\000t\000i\000o\000n}{section.3}% 17
\BOOKMARK [1][-]{section.4}{\376\377\000R\000e\000s\000u\000l\000t\000s}{}% 18
\BOOKMARK [2][-]{subsection.4.1}{\376\377\000B\000a\000s\000e\000l\000i\000n\000e\000\040\000M\000a\000p\000p\000e\000r\000\040\000G\000r\000a\000p\000h\000\040\000\050\000D\000B\000S\000C\000A\000N\000,\000\040\000=\000\040\0000\000.\0005\000,\000\040\000P\000C\000A\000-\0002\000D\000\051}{section.4}% 19
\BOOKMARK [2][-]{subsection.4.2}{\376\377\000R\000e\000g\000i\000m\000e\000\040\000V\000a\000l\000i\000d\000a\000t\000i\000o\000n}{section.4}% 20
\BOOKMARK [2][-]{subsection.4.3}{\376\377\000W\000i\000t\000h\000i\000n\000-\000R\000e\000g\000i\000m\000e\000\040\000H\000e\000t\000e\000r\000o\000g\000e\000n\000e\000i\000t\000y}{section.4}% 21
\BOOKMARK [2][-]{subsection.4.4}{\376\377\000O\000u\000t\000c\000o\000m\000e\000\040\000G\000e\000o\000g\000r\000a\000p\000h\000y\000:\000\040\000M\000u\000l\000t\000i\000-\000V\000a\000r\000i\000a\000b\000l\000e\000\040\000N\000o\000d\000e\000\040\000C\000o\000l\000o\000u\000r\000i\000n\000g}{section.4}% 22
\BOOKMARK [3][-]{subsubsection.4.4.1}{\376\377\000O\000u\000t\000c\000o\000m\000e\000\040\000V\000a\000r\000i\000a\000b\000l\000e\000s\000\040\000f\000r\000o\000m\000\040\000R\000e\000c\000o\000n\000s\000t\000r\000u\000c\000t\000e\000d\000\040\000T\000r\000a\000j\000e\000c\000t\000o\000r\000i\000e\000s}{subsection.4.4}% 23
\BOOKMARK [3][-]{subsubsection.4.4.2}{\376\377\000C\000h\000u\000r\000n\000i\000n\000g\000\040\000D\000e\000c\000o\000m\000p\000o\000s\000i\000t\000i\000o\000n\000:\000\040\000R\0003\000\040\000a\000n\000d\000\040\000R\0005}{subsection.4.4}% 24
\BOOKMARK [2][-]{subsection.4.5}{\376\377\000S\000e\000n\000s\000i\000t\000i\000v\000i\000t\000y\000\040\000A\000n\000a\000l\000y\000s\000i\000s}{section.4}% 25
\BOOKMARK [3][-]{subsubsection.4.5.1}{\376\377\000F\000i\000n\000d\000i\000n\000g\000s\000\040\000R\000o\000b\000u\000s\000t\000\040\000t\000o\000\040\000A\000l\000g\000o\000r\000i\000t\000h\000m\000\040\000C\000h\000o\000i\000c\000e}{subsection.4.5}% 26
\BOOKMARK [3][-]{subsubsection.4.5.2}{\376\377\000F\000i\000n\000d\000i\000n\000g\000s\000\040\000T\000h\000a\000t\000\040\000D\000e\000p\000e\000n\000d\000\040\000o\000n\000\040\000A\000l\000g\000o\000r\000i\000t\000h\000m\000\040\000C\000h\000o\000i\000c\000e}{subsection.4.5}% 27
\BOOKMARK [2][-]{subsection.4.6}{\376\377\000L\000e\000n\000s\000\040\000F\000u\000n\000c\000t\000i\000o\000n\000\040\000E\000f\000f\000e\000c\000t\000s}{section.4}% 28
\BOOKMARK [2][-]{subsection.4.7}{\376\377\000E\000m\000b\000e\000d\000d\000i\000n\000g\000\040\000R\000o\000b\000u\000s\000t\000n\000e\000s\000s\000\040\000\050\000U\000M\000A\000P\000-\0001\0006\000D\000\051}{section.4}% 29
\BOOKMARK [2][-]{subsection.4.8}{\376\377\000O\000u\000t\000c\000o\000m\000e\040\023\000E\000m\000b\000e\000d\000d\000i\000n\000g\000\040\000C\000o\000r\000r\000e\000l\000a\000t\000i\000o\000n\000\040\000M\000a\000t\000r\000i\000x\000\040\000\050\000A\000d\000d\000r\000e\000s\000s\000i\000n\000g\000\040\000C\000i\000r\000c\000u\000l\000a\000r\000i\000t\000y\000\051}{section.4}% 30
\BOOKMARK [1][-]{section.5}{\376\377\000D\000i\000s\000c\000u\000s\000s\000i\000o\000n}{}% 31
\BOOKMARK [2][-]{subsection.5.1}{\376\377\000W\000h\000a\000t\000\040\000M\000a\000p\000p\000e\000r\000\040\000A\000d\000d\000s\000\040\000t\000o\000\040\000G\000l\000o\000b\000a\000l\000\040\000P\000e\000r\000s\000i\000s\000t\000e\000n\000t\000\040\000H\000o\000m\000o\000l\000o\000g\000y}{section.5}% 32
\BOOKMARK [2][-]{subsection.5.2}{\376\377\000T\000h\000e\000\040\000A\000l\000g\000o\000r\000i\000t\000h\000m\000\040\000M\000a\000t\000t\000e\000r\000s\000:\000\040\000N\000o\000i\000s\000e\000\040\000a\000n\000d\000\040\000B\000r\000i\000d\000g\000e\000\040\000N\000o\000d\000e\000s}{section.5}% 33
\BOOKMARK [2][-]{subsection.5.3}{\376\377\000I\000m\000p\000l\000i\000c\000a\000t\000i\000o\000n\000s\000\040\000f\000o\000r\000\040\000W\000i\000t\000h\000i\000n\000-\000R\000e\000g\000i\000m\000e\000\040\000H\000e\000t\000e\000r\000o\000g\000e\000n\000e\000i\000t\000y}{section.5}% 34
\BOOKMARK [2][-]{subsection.5.4}{\376\377\000C\000o\000v\000e\000r\000a\000g\000e\000\040\000a\000n\000d\000\040\000t\000h\000e\000\040\000C\000h\000u\000r\000n\000i\000n\000g\000\040\000R\000e\000g\000i\000m\000e\000s}{section.5}% 35
\BOOKMARK [2][-]{subsection.5.5}{\376\377\000C\000o\000m\000p\000a\000r\000i\000s\000o\000n\000\040\000w\000i\000t\000h\000\040\000O\000p\000t\000i\000m\000a\000l\000\040\000M\000a\000t\000c\000h\000i\000n\000g}{section.5}% 36
\BOOKMARK [2][-]{subsection.5.6}{\376\377\000L\000i\000m\000i\000t\000a\000t\000i\000o\000n\000s}{section.5}% 37
\BOOKMARK [1][-]{section.6}{\376\377\000C\000o\000n\000c\000l\000u\000s\000i\000o\000n}{}% 38
