\BOOKMARK [1][-]{section.1}{\376\377\000I\000n\000t\000r\000o\000d\000u\000c\000t\000i\000o\000n}{}% 1
\BOOKMARK [2][-]{subsection.1.1}{\376\377\000M\000o\000t\000i\000v\000a\000t\000i\000o\000n\000:\000\040\000T\000h\000e\000\040\000L\000i\000m\000i\000t\000a\000t\000i\000o\000n\000s\000\040\000o\000f\000\040\000S\000i\000n\000g\000l\000e\000-\000P\000a\000r\000a\000m\000e\000t\000e\000r\000\040\000T\000o\000p\000o\000l\000o\000g\000y}{section.1}% 2
\BOOKMARK [2][-]{subsection.1.2}{\376\377\000M\000u\000l\000t\000i\000-\000P\000a\000r\000a\000m\000e\000t\000e\000r\000\040\000P\000e\000r\000s\000i\000s\000t\000e\000n\000c\000e\000:\000\040\000F\000r\000o\000m\000\040\000T\000h\000e\000o\000r\000y\000\040\000t\000o\000\040\000C\000o\000m\000p\000u\000t\000a\000t\000i\000o\000n}{section.1}% 3
\BOOKMARK [2][-]{subsection.1.3}{\376\377\000R\000e\000s\000e\000a\000r\000c\000h\000\040\000Q\000u\000e\000s\000t\000i\000o\000n\000s}{section.1}% 4
\BOOKMARK [2][-]{subsection.1.4}{\376\377\000P\000a\000p\000e\000r\000\040\000R\000o\000a\000d\000m\000a\000p}{section.1}% 5
\BOOKMARK [1][-]{section.2}{\376\377\000L\000i\000t\000e\000r\000a\000t\000u\000r\000e\000\040\000R\000e\000v\000i\000e\000w}{}% 6
\BOOKMARK [2][-]{subsection.2.1}{\376\377\000P\000o\000v\000e\000r\000t\000y\000\040\000T\000r\000a\000p\000s\000\040\000a\000n\000d\000\040\000T\000h\000r\000e\000s\000h\000o\000l\000d\000\040\000E\000f\000f\000e\000c\000t\000s}{section.2}% 7
\BOOKMARK [2][-]{subsection.2.2}{\376\377\000S\000i\000n\000g\000l\000e\000-\000P\000a\000r\000a\000m\000e\000t\000e\000r\000\040\000P\000e\000r\000s\000i\000s\000t\000e\000n\000t\000\040\000H\000o\000m\000o\000l\000o\000g\000y\000\040\000f\000o\000r\000\040\000S\000o\000c\000i\000a\000l\000\040\000S\000c\000i\000e\000n\000c\000e}{section.2}% 8
\BOOKMARK [2][-]{subsection.2.3}{\376\377\000M\000u\000l\000t\000i\000-\000P\000a\000r\000a\000m\000e\000t\000e\000r\000\040\000P\000e\000r\000s\000i\000s\000t\000e\000n\000t\000\040\000H\000o\000m\000o\000l\000o\000g\000y}{section.2}% 9
\BOOKMARK [2][-]{subsection.2.4}{\376\377\000W\000h\000y\000\040\000S\000i\000g\000n\000e\000d\000\040\000M\000e\000a\000s\000u\000r\000e\000s\000?}{section.2}% 10
\BOOKMARK [1][-]{section.3}{\376\377\000D\000a\000t\000a\000\040\000a\000n\000d\000\040\000M\000e\000t\000h\000o\000d\000s}{}% 11
\BOOKMARK [2][-]{subsection.3.1}{\376\377\000D\000a\000t\000a\000:\000\040\000B\000H\000P\000S\000/\000U\000S\000o\000c\000\040\000P\000a\000n\000e\000l\000\040\000T\000r\000a\000j\000e\000c\000t\000o\000r\000i\000e\000s}{section.3}% 12
\BOOKMARK [2][-]{subsection.3.2}{\376\377\000B\000i\000f\000i\000l\000t\000r\000a\000t\000i\000o\000n\000\040\000C\000o\000n\000s\000t\000r\000u\000c\000t\000i\000o\000n}{section.3}% 13
\BOOKMARK [2][-]{subsection.3.3}{\376\377\000M\000u\000l\000t\000i\000-\000P\000a\000r\000a\000m\000e\000t\000e\000r\000\040\000P\000e\000r\000s\000i\000s\000t\000e\000n\000c\000e\000\040\000C\000o\000m\000p\000u\000t\000a\000t\000i\000o\000n}{section.3}% 14
\BOOKMARK [2][-]{subsection.3.4}{\376\377\000C\000o\000m\000p\000l\000e\000m\000e\000n\000t\000a\000r\000y\000\040\000I\000n\000v\000a\000r\000i\000a\000n\000t\000s}{section.3}% 15
\BOOKMARK [2][-]{subsection.3.5}{\376\377\000P\000e\000r\000m\000u\000t\000a\000t\000i\000o\000n\000\040\000N\000u\000l\000l\000\040\000T\000e\000s\000t\000i\000n\000g}{section.3}% 16
\BOOKMARK [2][-]{subsection.3.6}{\376\377\000C\000o\000m\000p\000a\000r\000i\000s\000o\000n\000\040\000t\000o\000\040\000P\000a\000p\000e\000r\000\040\0001\000\040\000S\000i\000n\000g\000l\000e\000-\000P\000a\000r\000a\000m\000e\000t\000e\000r\000\040\000B\000a\000s\000e\000l\000i\000n\000e}{section.3}% 17
\BOOKMARK [1][-]{section.4}{\376\377\000R\000e\000s\000u\000l\000t\000s}{}% 18
\BOOKMARK [2][-]{subsection.4.1}{\376\377\000B\000i\000f\000i\000l\000t\000r\000a\000t\000i\000o\000n\000\040\000S\000t\000r\000u\000c\000t\000u\000r\000e}{section.4}% 19
\BOOKMARK [2][-]{subsection.4.2}{\376\377\000I\000n\000c\000o\000m\000e\000-\000Q\000u\000a\000r\000t\000i\000l\000e\000\040\000D\000e\000c\000o\000m\000p\000o\000s\000i\000t\000i\000o\000n\000\040\000o\000f\000\040\000H\0001\000\040\000T\000o\000p\000o\000l\000o\000g\000y}{section.4}% 20
\BOOKMARK [2][-]{subsection.4.3}{\376\377\000P\000e\000r\000m\000u\000t\000a\000t\000i\000o\000n\000\040\000N\000u\000l\000l\000\040\000T\000e\000s\000t\000\040\000R\000e\000s\000u\000l\000t\000s}{section.4}% 21
\BOOKMARK [2][-]{subsection.4.4}{\376\377\000P\000a\000p\000e\000r\000\040\0001\000\040\000S\000i\000n\000g\000l\000e\000-\000P\000a\000r\000a\000m\000e\000t\000e\000r\000\040\000B\000a\000s\000e\000l\000i\000n\000e}{section.4}% 22
\BOOKMARK [2][-]{subsection.4.5}{\376\377\000G\000M\000M\000\040\000R\000e\000g\000i\000m\000e\000\040\000C\000o\000r\000r\000e\000s\000p\000o\000n\000d\000e\000n\000c\000e}{section.4}% 23
\BOOKMARK [2][-]{subsection.4.6}{\376\377\000H\000i\000l\000b\000e\000r\000t\000\040\000F\000u\000n\000c\000t\000i\000o\000n\000\040\000a\000n\000d\000\040\000R\000a\000n\000k\000\040\000I\000n\000v\000a\000r\000i\000a\000n\000t}{section.4}% 24
\BOOKMARK [1][-]{section.5}{\376\377\000D\000i\000s\000c\000u\000s\000s\000i\000o\000n}{}% 25
\BOOKMARK [2][-]{subsection.5.1}{\376\377\000T\000o\000p\000o\000l\000o\000g\000i\000c\000a\000l\000\040\000S\000i\000m\000p\000l\000i\000c\000i\000t\000y\000\040\000a\000s\000\040\000a\000\040\000P\000o\000v\000e\000r\000t\000y\000\040\000T\000r\000a\000p\000\040\000S\000i\000g\000n\000a\000t\000u\000r\000e}{section.5}% 26
\BOOKMARK [2][-]{subsection.5.2}{\376\377\000T\000h\000e\000\040\000P\000e\000r\000m\000u\000t\000a\000t\000i\000o\000n\000\040\000R\000e\000s\000u\000l\000t\000:\000\040\000R\000e\000a\000l\000\040\000S\000t\000r\000u\000c\000t\000u\000r\000e\000\040\000B\000e\000y\000o\000n\000d\000\040\000G\000e\000o\000m\000e\000t\000r\000y}{section.5}% 27
\BOOKMARK [2][-]{subsection.5.3}{\376\377\000W\000h\000a\000t\000\040\000M\000u\000l\000t\000i\000-\000P\000a\000r\000a\000m\000e\000t\000e\000r\000\040\000P\000H\000\040\000A\000d\000d\000s\000\040\000B\000e\000y\000o\000n\000d\000\040\000S\000i\000n\000g\000l\000e\000-\000P\000a\000r\000a\000m\000e\000t\000e\000r}{section.5}% 28
\BOOKMARK [2][-]{subsection.5.4}{\376\377\000M\000e\000t\000h\000o\000d\000o\000l\000o\000g\000i\000c\000a\000l\000\040\000C\000o\000n\000t\000r\000i\000b\000u\000t\000i\000o\000n}{section.5}% 29
\BOOKMARK [2][-]{subsection.5.5}{\376\377\000L\000i\000m\000i\000t\000a\000t\000i\000o\000n\000s}{section.5}% 30
\BOOKMARK [2][-]{subsection.5.6}{\376\377\000F\000u\000t\000u\000r\000e\000\040\000D\000i\000r\000e\000c\000t\000i\000o\000n\000s}{section.5}% 31
\BOOKMARK [1][-]{section.6}{\376\377\000C\000o\000n\000c\000l\000u\000s\000i\000o\000n}{}% 32
\BOOKMARK [1][-]{appendix.A}{\376\377\000D\000i\000s\000c\000r\000e\000t\000i\000s\000a\000t\000i\000o\000n\000\040\000S\000t\000r\000a\000t\000e\000g\000y\000\040\000C\000o\000m\000p\000a\000r\000i\000s\000o\000n}{}% 33
\BOOKMARK [1][-]{appendix.B}{\376\377\000H\000i\000l\000b\000e\000r\000t\000\040\000F\000u\000n\000c\000t\000i\000o\000n\000\040\000a\000n\000d\000\040\000R\000a\000n\000k\000\040\000I\000n\000v\000a\000r\000i\000a\000n\000t\000\040\000A\000n\000a\000l\000y\000s\000i\000s}{}% 34
\BOOKMARK [2][-]{subsection.B.1}{\376\377\000H\000i\000l\000b\000e\000r\000t\000\040\000F\000u\000n\000c\000t\000i\000o\000n}{appendix.B}% 35
\BOOKMARK [2][-]{subsection.B.2}{\376\377\000R\000a\000n\000k\000\040\000I\000n\000v\000a\000r\000i\000a\000n\000t}{appendix.B}% 36
\BOOKMARK [1][-]{appendix.C}{\376\377\000C\000o\000m\000p\000u\000t\000a\000t\000i\000o\000n\000a\000l\000\040\000N\000o\000t\000e\000s}{}% 37
